log_dir: ../../Results/experiments/2021-09-20_lstm_fra_5e_256b_em100_hd100_v5000_run0/tensorboard-log
epoch: 0
0
train acc: 0.9197267747904417
val acc: 0.9280040521140492
loss :1.6339899465578411
epoch: 1
1
train acc: 0.9556968366607613
val acc: 0.92797883278733
loss :0.44794807084109806
epoch: 2
2
train acc: 0.9580296990248042
val acc: 0.9381868932225289
loss :0.3250733821763905
epoch: 3
3
train acc: 0.9624492979241074
val acc: 0.9397208053584493
loss :0.27746167314161946
epoch: 4
4
train acc: 0.9635361497281888
val acc: 0.9430038945390544
loss :0.24148172851002545
epoch: 1
test_accuracy: 0.9563336967504942
log_dir: ../../Results/experiments/2021-09-20_lstm_fra_5e_256b_em100_hd100_v5000_run1/tensorboard-log
epoch: 0
0
train acc: 0.9107493252964777
val acc: 0.9279958682322721
loss :1.7232980990628584
epoch: 1
1
train acc: 0.9557032775851565
val acc: 0.9279828139948189
loss :0.4602440650309991
epoch: 2
2
train acc: 0.957019159348186
val acc: 0.9348502730557678
loss :0.3306765075123638
epoch: 3
3
train acc: 0.9599147850493772
val acc: 0.9349622086647453
loss :0.2866989275731078
epoch: 4
4
train acc: 0.9621278870543208
val acc: 0.9400464419378053
loss :0.25190605373557556
epoch: 1
test_accuracy: 0.9547823755557721
log_dir: ../../Results/experiments/2021-09-20_lstm_fra_5e_256b_em100_hd100_v5000_run2/tensorboard-log
epoch: 0
0
train acc: 0.9154218594326893
val acc: 0.928010468636084
loss :1.7134878176067947
epoch: 1
1
train acc: 0.9557034239993183
val acc: 0.9279876859909898
loss :0.5012993068870054
epoch: 2
2
train acc: 0.9556933378271006
val acc: 0.9345034065596555
loss :0.3443097105813683
epoch: 3
3
train acc: 0.9600142723103182
val acc: 0.9352435983649088
loss :0.2914759084719037
epoch: 4
4
train acc: 0.96169617437168
val acc: 0.9399194649053276
loss :0.25844825954612244
epoch: 1
test_accuracy: 0.9547458291053772
log_dir: ../../Results/experiments/2021-09-20_lstm_fra_5e_256b_em100_hd100_v5000_run3/tensorboard-log
epoch: 0
0
train acc: 0.9083021643789567
val acc: 0.9280281635599399
loss :1.6665089458500573
epoch: 1
1
train acc: 0.9557051431011716
val acc: 0.9279786129610255
loss :0.4666786193847656
epoch: 2
2
train acc: 0.9575289488522285
val acc: 0.9351181669519582
loss :0.3333880923209934
epoch: 3
3
train acc: 0.9601626956681593
val acc: 0.9382452918302029
loss :0.2869934641986812
epoch: 4
4
train acc: 0.9628142363844662
val acc: 0.9406771304410532
loss :0.25081414038981864
epoch: 1
test_accuracy: 0.9551911014776964
log_dir: ../../Results/experiments/2021-09-20_lstm_fra_5e_256b_em100_hd100_v5000_run4/tensorboard-log
epoch: 0
0
train acc: 0.8885537989176847
val acc: 0.9279987445665062
loss :1.7508889294545584
epoch: 1
1
train acc: 0.9557057262287227
val acc: 0.9279719768861018
loss :0.4769072926372563
epoch: 2
2
train acc: 0.9558475902047726
val acc: 0.9333966623205657
loss :0.34049924797968034
epoch: 3
3
train acc: 0.9602411747525591
val acc: 0.9389261980669215
loss :0.28957746663224804
epoch: 4
4
train acc: 0.9631567304150774
val acc: 0.940748585200091
loss :0.25310019396860667
epoch: 1
test_accuracy: 0.9549625253677368
log_dir: ../../Results/experiments/2021-09-20_lstm_fra_7e_256b_em100_hd100_v5000_run0/tensorboard-log
epoch: 0
0
train acc: 0.9197267747904417
val acc: 0.9280040521140492
loss :1.6339899465578411
epoch: 1
1
train acc: 0.9556968366607613
val acc: 0.92797883278733
loss :0.44794733589942304
epoch: 2
2
train acc: 0.9580286808927124
val acc: 0.9381853454156753
loss :0.3250739421319524
epoch: 3
3
train acc: 0.9624491621731618
val acc: 0.9397208053584493
loss :0.27746284554857725
epoch: 4
4
train acc: 0.9635357424069982
val acc: 0.9430050002325565
loss :0.24148246345170046
epoch: 5
5
train acc: 0.9667969345362908
val acc: 0.9485471491966773
loss :0.2075136867138224
epoch: 6
6
train acc: 0.9707520692310202
val acc: 0.9574851992480252
loss :0.1786052983835203
epoch: 1
test_accuracy: 0.9675719615129325
log_dir: ../../Results/experiments/2021-09-20_lstm_fra_7e_256b_em100_hd100_v5000_run1/tensorboard-log
epoch: 0
0
train acc: 0.9107493252964777
val acc: 0.9279958682322721
loss :1.7232980990628584
epoch: 1
1
train acc: 0.9557032775851565
val acc: 0.9279828139948189
loss :0.4602440300337765
epoch: 2
2
train acc: 0.957019159348186
val acc: 0.9348502730557678
loss :0.3306764725151412
epoch: 3
3
train acc: 0.9599147850493772
val acc: 0.9349622086647453
loss :0.2866989275731078
epoch: 4
4
train acc: 0.9621278870543208
val acc: 0.9400464419378053
loss :0.25190605373557556
epoch: 5
5
train acc: 0.9640024481426686
val acc: 0.9448176532163532
loss :0.2176935563393689
epoch: 6
6
train acc: 0.968515029467574
val acc: 0.9529327744737678
loss :0.18963633546041786
epoch: 1
test_accuracy: 0.9639720608637883
log_dir: ../../Results/experiments/2021-09-20_lstm_fra_7e_256b_em100_hd100_v5000_run2/tensorboard-log
epoch: 0
0
train acc: 0.9154218594326893
val acc: 0.928010468636084
loss :1.7134879575956852
epoch: 1
1
train acc: 0.9557034239993183
val acc: 0.9279876859909898
loss :0.5012993068870054
epoch: 2
2
train acc: 0.9556933378271006
val acc: 0.9345034065596555
loss :0.34430967558414566
epoch: 3
3
train acc: 0.9600142723103182
val acc: 0.9352435983649088
loss :0.2914759084719037
epoch: 4
4
train acc: 0.96169617437168
val acc: 0.9399194649053276
loss :0.25844829454334506
epoch: 5
5
train acc: 0.9633314342263641
val acc: 0.9412018577440069
loss :0.22455479683132346
epoch: 6
6
train acc: 0.964723532968158
val acc: 0.9448820221314737
loss :0.20192307288493586
epoch: 1
test_accuracy: 0.9572751810000493
log_dir: ../../Results/experiments/2021-09-20_lstm_fra_7e_256b_em100_hd100_v5000_run3/tensorboard-log
epoch: 0
0
train acc: 0.9083021643789567
val acc: 0.9280281635599399
loss :1.6665090858389477
epoch: 1
1
train acc: 0.9557051431011716
val acc: 0.9279786129610255
loss :0.4666786193847656
epoch: 2
2
train acc: 0.9575289488522285
val acc: 0.9351181669519582
loss :0.33338812731821604
epoch: 3
3
train acc: 0.9601626956681593
val acc: 0.9382452918302029
loss :0.2869934467000699
epoch: 4
4
train acc: 0.9628142363844662
val acc: 0.9406771304410532
loss :0.25081412289120736
epoch: 5
5
train acc: 0.9641010971107614
val acc: 0.9436451989576358
loss :0.21407510599958787
epoch: 6
6
train acc: 0.9672589375885254
val acc: 0.9515552553561849
loss :0.18500452304105147
epoch: 1
test_accuracy: 0.9631701251176688
log_dir: ../../Results/experiments/2021-09-20_lstm_fra_7e_256b_em100_hd100_v5000_run4/tensorboard-log
epoch: 0
0
train acc: 0.8885537989176847
val acc: 0.9279987445665062
loss :1.750889069443449
epoch: 1
1
train acc: 0.9557057262287227
val acc: 0.9279719768861018
loss :0.47690725764003367
epoch: 2
2
train acc: 0.9558475902047726
val acc: 0.9333966623205657
loss :0.3404992129824577
epoch: 3
3
train acc: 0.9602411747525591
val acc: 0.9389261980669215
loss :0.28957746663224804
epoch: 4
4
train acc: 0.9631567304150774
val acc: 0.940748585200091
loss :0.25310021146721795
epoch: 5
5
train acc: 0.964375184968524
val acc: 0.9441765626089289
loss :0.2187164201648957
epoch: 6
6
train acc: 0.9677405920597392
val acc: 0.9512586057732958
loss :0.19073544073542323
epoch: 1
test_accuracy: 0.9629739047930791
log_dir: ../../Results/experiments/2021-09-21_lstm_fra_10e_256b_em100_hd100_v5000_run0/tensorboard-log
epoch: 0
0
train acc: 0.9197267747904417
val acc: 0.9280040521140492
loss :1.6339898065689507
epoch: 1
1
train acc: 0.9556968366607613
val acc: 0.92797883278733
loss :0.4479473009022004
epoch: 2
2
train acc: 0.9580286808927124
val acc: 0.9381853454156753
loss :0.3250739071347298
epoch: 3
3
train acc: 0.9624491621731618
val acc: 0.9397208053584493
loss :0.27746282804996597
epoch: 4
4
train acc: 0.9635357424069982
val acc: 0.9430050002325565
loss :0.24148246345170046
epoch: 5
5
train acc: 0.9667969345362908
val acc: 0.9485471491966773
loss :0.2075137042124337
epoch: 6
6
train acc: 0.9707520692310202
val acc: 0.9574851992480252
loss :0.1786052983835203
epoch: 7
7
train acc: 0.9767497332271086
val acc: 0.9659305988648615
loss :0.1489897036771162
epoch: 8
8
train acc: 0.9815789529489815
val acc: 0.9749104613011036
loss :0.12210349861634981
epoch: 9
9
train acc: 0.9864369934988678
val acc: 0.980240020456664
loss :0.09934441977684651
epoch: 1
test_accuracy: 0.9833767674519466
log_dir: ../../Results/experiments/2021-09-21_lstm_fra_10e_256b_em100_hd100_v5000_run1/tensorboard-log
epoch: 0
0
train acc: 0.9107493252964777
val acc: 0.9279958682322721
loss :1.7232979590739679
epoch: 1
1
train acc: 0.9557032775851565
val acc: 0.9279828139948189
loss :0.4602439950365539
epoch: 2
2
train acc: 0.957019159348186
val acc: 0.9348502730557678
loss :0.3306765075123638
epoch: 3
3
train acc: 0.9599147850493772
val acc: 0.9349622086647453
loss :0.2866989275731078
epoch: 4
4
train acc: 0.9621278870543208
val acc: 0.9400464419378053
loss :0.25190607123418685
epoch: 5
5
train acc: 0.9640024481426686
val acc: 0.9448176532163532
loss :0.2176935563393689
epoch: 6
6
train acc: 0.968515029467574
val acc: 0.9529327744737678
loss :0.18963635295902917
epoch: 7
7
train acc: 0.9738147534908504
val acc: 0.9614348094397729
loss :0.1606642696835579
epoch: 8
8
train acc: 0.9787338903737725
val acc: 0.9696979279365014
loss :0.1336821897314229
epoch: 9
9
train acc: 0.9840253883408844
val acc: 0.975869658069873
loss :0.10988871548153939
epoch: 1
test_accuracy: 0.9803860732225271
log_dir: ../../Results/experiments/2021-09-21_lstm_fra_10e_256b_em100_hd100_v5000_run2/tensorboard-log
epoch: 0
0
train acc: 0.9154218594326893
val acc: 0.928010468636084
loss :1.7134879575956852
epoch: 1
1
train acc: 0.9557034239993183
val acc: 0.9279876859909898
loss :0.5012993068870054
epoch: 2
2
train acc: 0.9556933378271006
val acc: 0.9345034065596555
loss :0.34430967558414566
epoch: 3
3
train acc: 0.9600142723103182
val acc: 0.9352435983649088
loss :0.2914759084719037
epoch: 4
4
train acc: 0.96169617437168
val acc: 0.9399194649053276
loss :0.25844825954612244
epoch: 5
5
train acc: 0.9633314342263641
val acc: 0.9412018577440069
loss :0.22455479683132346
epoch: 6
6
train acc: 0.964723532968158
val acc: 0.9448820221314737
loss :0.20192307288493586
epoch: 7
7
train acc: 0.9685969944667379
val acc: 0.9536227460848082
loss :0.17975523712438182
epoch: 8
8
train acc: 0.9751742909397554
val acc: 0.9656430209448578
loss :0.1529646882223427
epoch: 9
9
train acc: 0.9821761627126178
val acc: 0.975250470255493
loss :0.12485837498936084
epoch: 1
test_accuracy: 0.9805853000053992
log_dir: ../../Results/experiments/2021-09-21_lstm_fra_10e_256b_em100_hd100_v5000_run3/tensorboard-log
epoch: 0
0
train acc: 0.9083021643789567
val acc: 0.9280281635599399
loss :1.6665090858389477
epoch: 1
1
train acc: 0.9557051431011716
val acc: 0.9279786129610255
loss :0.4666786193847656
epoch: 2
2
train acc: 0.9575289488522285
val acc: 0.9351181669519582
loss :0.3333880923209934
epoch: 3
3
train acc: 0.9601626956681593
val acc: 0.9382452918302029
loss :0.2869934467000699
epoch: 4
4
train acc: 0.9628142363844662
val acc: 0.9406771304410532
loss :0.25081414038981864
epoch: 5
5
train acc: 0.9641010971107614
val acc: 0.9436451989576358
loss :0.21407512349819918
epoch: 6
6
train acc: 0.9672589375885254
val acc: 0.9515552553561849
loss :0.18500452304105147
epoch: 7
7
train acc: 0.9749569214128573
val acc: 0.9652397422068709
loss :0.15546565974524262
epoch: 8
8
train acc: 0.9812198309996806
val acc: 0.9736594776494787
loss :0.12666397794671014
epoch: 9
9
train acc: 0.9859646511597371
val acc: 0.9797900655400862
loss :0.10188485941755662
epoch: 1
test_accuracy: 0.9831799174272097
log_dir: ../../Results/experiments/2021-09-21_lstm_fra_10e_256b_em100_hd100_v5000_run4/tensorboard-log
epoch: 0
0
train acc: 0.8885537989176847
val acc: 0.9279987445665062
loss :1.750889069443449
epoch: 1
1
train acc: 0.9557057262287227
val acc: 0.9279719768861018
loss :0.47690725764003367
epoch: 2
2
train acc: 0.9558475902047726
val acc: 0.9333966623205657
loss :0.3404992129824577
epoch: 3
3
train acc: 0.9602411747525591
val acc: 0.9389261980669215
loss :0.28957746663224804
epoch: 4
4
train acc: 0.9631567304150774
val acc: 0.940748585200091
loss :0.25310019396860667
epoch: 5
5
train acc: 0.964375184968524
val acc: 0.9441765626089289
loss :0.2187164201648957
epoch: 6
6
train acc: 0.9677405920597392
val acc: 0.9512586057732958
loss :0.19073542323681192
epoch: 7
7
train acc: 0.9723225110167757
val acc: 0.9601154677364805
loss :0.16236387480289563
epoch: 8
8
train acc: 0.9791877373642878
val acc: 0.9718085568432414
loss :0.13478290487866884
epoch: 9
9
train acc: 0.9845614256935382
val acc: 0.9786888434799439
loss :0.10997838711519854
epoch: 1
test_accuracy: 0.9824040464254526
log_dir: ../../Results/experiments/2021-09-21_lstm_spa_10e_256b_em100_hd100_v5000_run0/tensorboard-log
epoch: 0
0
train acc: 0.7645393041022842
val acc: 0.8630485280471689
loss :4.4987060546875
epoch: 1
1
train acc: 0.8752939727089621
val acc: 0.8629410135395387
loss :1.5641050026633523
epoch: 2
2
train acc: 0.8752966159040277
val acc: 0.8629704678759855
loss :1.3965561745383523
epoch: 3
3
train acc: 0.8753000151027333
val acc: 0.8629866619320476
loss :1.3182841352982955
epoch: 4
4
train acc: 0.8752960023013028
val acc: 0.8630927222616532
loss :1.2646067116477273
epoch: 5
5
train acc: 0.8752980821782892
val acc: 0.8629660553791944
loss :1.2168050870028408
epoch: 6
6
train acc: 0.8752968989719044
val acc: 0.8629262727849624
loss :1.1684141956676137
epoch: 7
7
train acc: 0.8753002017194574
val acc: 0.8629513251430848
loss :1.1039267800071022
epoch: 8
8
train acc: 0.8753006300059232
val acc: 0.8630279171116212
loss :0.9755951482599432
epoch: 9
9
train acc: 0.8752970426732843
val acc: 0.862915971699883
loss :0.8404673073508523
epoch: 1
test_accuracy: 0.9234118642586686
log_dir: ../../Results/experiments/2021-09-21_lstm_spa_10e_256b_em100_hd100_v5000_run1/tensorboard-log
epoch: 0
0
train acc: 0.7400076742960268
val acc: 0.8628717801150154
loss :4.708333185369318
epoch: 1
1
train acc: 0.8752891146052968
val acc: 0.8629483659477795
loss :1.554818448153409
epoch: 2
2
train acc: 0.8752983160452409
val acc: 0.8630779937786215
loss :1.3864487526633522
epoch: 3
3
train acc: 0.8752975591746244
val acc: 0.8629675209522247
loss :1.3121971546519886
epoch: 4
4
train acc: 0.8752965233542702
val acc: 0.8628570454962113
loss :1.2632743696732955
epoch: 5
5
train acc: 0.8752976551922885
val acc: 0.862979299881879
loss :1.224666082208807
epoch: 6
6
train acc: 0.8752964275533502
val acc: 0.8628747270387762
loss :1.1915037952769887
epoch: 7
7
train acc: 0.8752975140918385
val acc: 0.8630396969178143
loss :1.1571277965198863
epoch: 8
8
train acc: 0.8752971360900186
val acc: 0.862882088212406
loss :1.0979805131392046
epoch: 9
9
train acc: 0.8752968523719094
val acc: 0.8628997680018929
loss :1.0095070578835228
epoch: 1
test_accuracy: 0.9234096006591721
log_dir: ../../Results/experiments/2021-09-21_lstm_spa_10e_256b_em100_hd100_v5000_run2/tensorboard-log
epoch: 0
0
train acc: 0.7283734919509152
val acc: 0.8629925566561082
loss :4.654189897017045
epoch: 1
1
train acc: 0.8752979378266768
val acc: 0.8629689909079495
loss :1.567836026278409
epoch: 2
2
train acc: 0.8752971341393211
val acc: 0.8629689891548717
loss :1.3864717240767046
epoch: 3
3
train acc: 0.875297513441606
val acc: 0.8630146498189253
loss :1.310589599609375
epoch: 4
4
train acc: 0.8752966165542603
val acc: 0.8628275894066867
loss :1.2597711736505681
epoch: 5
5
train acc: 0.8752978426759893
val acc: 0.8628909228479161
loss :1.2192603648792613
epoch: 6
6
train acc: 0.8752965235710144
val acc: 0.8629527880864984
loss :1.1843320534446022
epoch: 7
7
train acc: 0.8752944005619396
val acc: 0.8630102364455953
loss :1.1381011408025568
epoch: 8
8
train acc: 0.8752977496927434
val acc: 0.8628894607810413
loss :1.067744140625
epoch: 9
9
train acc: 0.875296427119862
val acc: 0.8629351100500893
loss :1.0099098899147727
epoch: 1
test_accuracy: 0.9234077922581839
log_dir: ../../Results/experiments/2021-09-21_lstm_spa_10e_256b_em100_hd100_v5000_run3/tensorboard-log
epoch: 0
0
train acc: 0.7268744166306517
val acc: 0.8629071265459061
loss :4.5624285333806816
epoch: 1
1
train acc: 0.875295910618522
val acc: 0.8629896114854252
loss :1.5650883345170454
epoch: 2
2
train acc: 0.8753002494031733
val acc: 0.8629012414637733
loss :1.3981764914772727
epoch: 3
3
train acc: 0.8753014310923489
val acc: 0.8629763582173515
loss :1.3222314453125
epoch: 4
4
train acc: 0.8752943051945079
val acc: 0.8629896079792696
loss :1.2737946111505682
epoch: 5
5
train acc: 0.8752962372519754
val acc: 0.8629410100333831
loss :1.2364454234730113
epoch: 6
6
train acc: 0.8752989289977334
val acc: 0.8628629410968107
loss :1.203072509765625
epoch: 7
7
train acc: 0.875295342315327
val acc: 0.8629380552207723
loss :1.1315280983664773
epoch: 8
8
train acc: 0.8752981727773493
val acc: 0.8628997627426597
loss :0.94083984375
epoch: 9
9
train acc: 0.8752973706072027
val acc: 0.8630146629670087
loss :0.8298731578480114
epoch: 1
test_accuracy: 0.9234084719085064
log_dir: ../../Results/experiments/2021-09-21_lstm_spa_10e_256b_em100_hd100_v5000_run4/tensorboard-log
epoch: 0
0
train acc: 0.661755548684953
val acc: 0.8373353314750335
loss :4.785218394886364
epoch: 1
1
train acc: 0.871403771313754
val acc: 0.8629940318710664
loss :1.5773094593394887
epoch: 2
2
train acc: 0.8752922281351957
val acc: 0.8630809371962267
loss :1.3957618297230114
epoch: 3
3
train acc: 0.8752968534556302
val acc: 0.8629793007584179
loss :1.31888916015625
epoch: 4
4
train acc: 0.8752899625084617
val acc: 0.8630028735188877
loss :1.2704051624644885
epoch: 5
5
train acc: 0.8752983164787292
val acc: 0.8630396907820421
loss :1.2334489302201705
epoch: 6
6
train acc: 0.875298127044331
val acc: 0.8630559006158043
loss :1.1998831454190342
epoch: 7
7
train acc: 0.8752952967990528
val acc: 0.8628997636191985
loss :1.1262741921164772
epoch: 8
8
train acc: 0.875297421542081
val acc: 0.8628364249187357
loss :0.9327153986150568
epoch: 9
9
train acc: 0.875298407944766
val acc: 0.8627539434853722
loss :0.8327063543146307
epoch: 1
test_accuracy: 0.9233394882859963
log_dir: ../../Results/experiments/2021-09-21_lstm_deu_10e_256b_em100_hd100_v5000_run0/tensorboard-log
epoch: 0
0
train acc: 0.8825360059579899
val acc: 0.8974783674530361
loss :2.0061361654356578
epoch: 1
1
train acc: 0.9151532240699993
val acc: 0.8974771789882494
loss :0.886297567442515
epoch: 2
2
train acc: 0.9167154521140469
val acc: 0.9082019386084184
loss :0.6259485769480077
epoch: 3
3
train acc: 0.9244788926761743
val acc: 0.9123274870540785
loss :0.5375809315510712
epoch: 4
4
train acc: 0.9291889083827948
val acc: 0.9157617690770522
loss :0.46472824296576487
epoch: 5
5
train acc: 0.933026258992316
val acc: 0.9257696361645408
loss :0.41022088329864903
epoch: 6
6
train acc: 0.9414510496578883
val acc: 0.9344471081443455
loss :0.3568611311600198
epoch: 7
7
train acc: 0.9512267110779816
val acc: 0.9490986774797024
loss :0.30113213551617085
epoch: 8
8
train acc: 0.9630852641627258
val acc: 0.9601181310156117
loss :0.2495359062627934
epoch: 9
9
train acc: 0.9707190480294706
val acc: 0.9680971767591393
loss :0.20412989787139227
epoch: 1
test_accuracy: 0.9767372626732229
log_dir: ../../Results/experiments/2021-09-21_lstm_deu_10e_256b_em100_hd100_v5000_run1/tensorboard-log
epoch: 0
0
train acc: 0.8754233769541633
val acc: 0.897476882001628
loss :2.0732284612530703
epoch: 1
1
train acc: 0.9151527672745775
val acc: 0.8974768832973812
loss :0.908388296069016
epoch: 2
2
train acc: 0.9151447212982387
val acc: 0.8974628829437753
loss :0.646969990959334
epoch: 3
3
train acc: 0.9218932110409549
val acc: 0.9086792710034743
loss :0.5384527481278998
epoch: 4
4
train acc: 0.926194203928048
val acc: 0.9161678848059281
loss :0.4672675320154715
epoch: 5
5
train acc: 0.9315828361495614
val acc: 0.9179791844409445
loss :0.42031880341242495
epoch: 6
6
train acc: 0.9362295987694544
val acc: 0.9301770596400551
loss :0.37743860769480075
epoch: 7
7
train acc: 0.9460924925632351
val acc: 0.9395046749840612
loss :0.3293484350479326
epoch: 8
8
train acc: 0.9565279711542172
val acc: 0.9534876302532528
loss :0.27869213720596514
epoch: 9
9
train acc: 0.9661178378038532
val acc: 0.9637779632340306
loss :0.22785401656638066
epoch: 1
test_accuracy: 0.9750106674441185
log_dir: ../../Results/experiments/2021-09-21_lstm_deu_10e_256b_em100_hd100_v5000_run2/tensorboard-log
epoch: 0
0
train acc: 0.8771082391002014
val acc: 0.8974789720514547
loss :2.0601790648881004
epoch: 1
1
train acc: 0.9151460433370682
val acc: 0.8974783754867056
loss :0.9221125440306018
epoch: 2
2
train acc: 0.915144216936228
val acc: 0.8974792703338291
loss :0.8310163073144105
epoch: 3
3
train acc: 0.9151346289174526
val acc: 0.8972263027792392
loss :0.6511984746008461
epoch: 4
4
train acc: 0.923259969882049
val acc: 0.9086896948192431
loss :0.5112653840577238
epoch: 5
5
train acc: 0.925828342484595
val acc: 0.9184606865696285
loss :0.45129141328636735
epoch: 6
6
train acc: 0.9357291783437979
val acc: 0.9273106875626937
loss :0.3994646363903862
epoch: 7
7
train acc: 0.9435735871307714
val acc: 0.9382541389568992
loss :0.349351774657137
epoch: 8
8
train acc: 0.9537282303040725
val acc: 0.9492661354334458
loss :0.30172656196694186
epoch: 9
9
train acc: 0.9605672895648073
val acc: 0.9558683294316996
loss :0.25477060376296395
epoch: 1
test_accuracy: 0.970893888948999
log_dir: ../../Results/experiments/2021-09-21_lstm_deu_10e_256b_em100_hd100_v5000_run3/tensorboard-log
epoch: 0
0
train acc: 0.8704613289520283
val acc: 0.8974768822607787
loss :2.0293805651269103
epoch: 1
1
train acc: 0.9151524259794227
val acc: 0.8974753955136174
loss :0.886257388185726
epoch: 2
2
train acc: 0.915995347447791
val acc: 0.907293461975844
loss :0.6301232883503344
epoch: 3
3
train acc: 0.9242964174159229
val acc: 0.9086885042812514
loss :0.5353251627959539
epoch: 4
4
train acc: 0.9252536494008319
val acc: 0.9152987394643867
loss :0.4633577505053391
epoch: 5
5
train acc: 0.9315592429263102
val acc: 0.9192231644754825
loss :0.4174830674083993
epoch: 6
6
train acc: 0.9354272893422556
val acc: 0.9259957901809527
loss :0.3782662137627081
epoch: 7
7
train acc: 0.9450936761225155
val acc: 0.9423361871553504
loss :0.3325918272593136
epoch: 8
8
train acc: 0.9575088432131896
val acc: 0.9536363158536993
loss :0.28117530522908707
epoch: 9
9
train acc: 0.9651078188133031
val acc: 0.9618010049280913
loss :0.23209662624842214
epoch: 1
test_accuracy: 0.9740224802679524
log_dir: ../../Results/experiments/2021-09-21_lstm_deu_10e_256b_em100_hd100_v5000_run4/tensorboard-log
epoch: 0
0
train acc: 0.8517894284880493
val acc: 0.8974777768487515
loss :2.1033767633563047
epoch: 1
1
train acc: 0.915143648805056
val acc: 0.8974768835565318
loss :0.9229799628778316
epoch: 2
2
train acc: 0.9151464972043142
val acc: 0.8974771846895633
loss :0.6786339105997544
epoch: 3
3
train acc: 0.915446988880374
val acc: 0.9014159088549407
loss :0.5548199982622305
epoch: 4
4
train acc: 0.9219037064688695
val acc: 0.9083452551261239
loss :0.4893808156642331
epoch: 5
5
train acc: 0.9251198996362728
val acc: 0.9098964359449304
loss :0.44680053177879364
epoch: 6
6
train acc: 0.92782517525827
val acc: 0.9184291028458139
loss :0.4125760007633392
epoch: 7
7
train acc: 0.9370630139476868
val acc: 0.9313039367613585
loss :0.3722168701704933
epoch: 8
8
train acc: 0.9494673123656402
val acc: 0.9474879111932671
loss :0.31935282877959537
epoch: 9
9
train acc: 0.9619998592216376
val acc: 0.9596971125706383
loss :0.25885606124411503
epoch: 1
test_accuracy: 0.9717224249576747
log_dir: ../../Results/experiments/2021-09-21_lstm_deu_15e_256b_em100_hd100_v5000_run0/tensorboard-log
epoch: 0
0
train acc: 0.8825360059579899
val acc: 0.8974783674530361
loss :2.0061360321711246
epoch: 1
1
train acc: 0.9151532240699993
val acc: 0.8974771789882494
loss :0.886297567442515
epoch: 2
2
train acc: 0.9167154521140469
val acc: 0.9082019386084184
loss :0.6259485769480077
epoch: 3
3
train acc: 0.9244788926761743
val acc: 0.9123274870540785
loss :0.5375809981833379
epoch: 4
4
train acc: 0.9291889083827948
val acc: 0.9157617690770522
loss :0.46472824296576487
epoch: 5
5
train acc: 0.933026258992316
val acc: 0.9257696361645408
loss :0.4102209166147823
epoch: 6
6
train acc: 0.9414510496578883
val acc: 0.9344471081443455
loss :0.3568610978438865
epoch: 7
7
train acc: 0.9512267110779816
val acc: 0.9490986774797024
loss :0.3011321688323042
epoch: 8
8
train acc: 0.9630852641627258
val acc: 0.9601181310156117
loss :0.24953588960472672
epoch: 9
9
train acc: 0.9707190480294706
val acc: 0.9680971767591393
loss :0.20412989787139227
epoch: 10
10
train acc: 0.976732968307999
val acc: 0.9751299163569574
loss :0.16499566823634518
epoch: 11
11
train acc: 0.9821275356164666
val acc: 0.9807801441006039
loss :0.13226229238718357
epoch: 12
12
train acc: 0.9860447041332462
val acc: 0.9849724510441655
loss :0.10488441833762623
epoch: 13
13
train acc: 0.9892834690460471
val acc: 0.9886668524016504
loss :0.08185169269944903
epoch: 14
14
train acc: 0.9920696319450978
val acc: 0.9916854687359022
loss :0.06267022045418685
epoch: 1
test_accuracy: 0.9920848492517161
log_dir: ../../Results/experiments/2021-09-21_lstm_deu_15e_256b_em100_hd100_v5000_run1/tensorboard-log
epoch: 0
0
train acc: 0.8754233769541633
val acc: 0.897476882001628
loss :2.073228194724004
epoch: 1
1
train acc: 0.9151527672745775
val acc: 0.8974768832973812
loss :0.908388296069016
epoch: 2
2
train acc: 0.9151447212982387
val acc: 0.8974628829437753
loss :0.646969990959334
epoch: 3
3
train acc: 0.9218932110409549
val acc: 0.9086792710034743
loss :0.5384527148117665
epoch: 4
4
train acc: 0.926194203928048
val acc: 0.9161678848059281
loss :0.46726749869933815
epoch: 5
5
train acc: 0.9315828361495614
val acc: 0.9179791844409445
loss :0.42031880341242495
epoch: 6
6
train acc: 0.9362295987694544
val acc: 0.9301770596400551
loss :0.37743860769480075
epoch: 7
7
train acc: 0.9460924925632351
val acc: 0.9395046749840612
loss :0.3293484350479326
epoch: 8
8
train acc: 0.9565279711542172
val acc: 0.9534876302532528
loss :0.27869217052209844
epoch: 9
9
train acc: 0.9661178378038532
val acc: 0.9637779632340306
loss :0.22785403322444733
epoch: 10
10
train acc: 0.9732177376616991
val acc: 0.9712710370188175
loss :0.184733894714622
epoch: 11
11
train acc: 0.9790506763749768
val acc: 0.9775746819765672
loss :0.14979633181376228
epoch: 12
12
train acc: 0.9836538426870862
val acc: 0.9824514067691306
loss :0.12043730556704592
epoch: 13
13
train acc: 0.9871883793168713
val acc: 0.986272150537242
loss :0.09554611439267621
epoch: 14
14
train acc: 0.9903364869965215
val acc: 0.9898855012396107
loss :0.07454590610021067
epoch: 1
test_accuracy: 0.9905831721918249
log_dir: ../../Results/experiments/2021-09-21_lstm_deu_15e_256b_em100_hd100_v5000_run2/tensorboard-log
epoch: 0
0
train acc: 0.8771082391002014
val acc: 0.8974789720514547
loss :2.0601791981526336
epoch: 1
1
train acc: 0.9151460433370682
val acc: 0.8974783754867056
loss :0.9221124773983351
epoch: 2
2
train acc: 0.915144216936228
val acc: 0.8974792703338291
loss :0.8310163073144105
epoch: 3
3
train acc: 0.9151346289174526
val acc: 0.8972263027792392
loss :0.6511984746008461
epoch: 4
4
train acc: 0.923259969882049
val acc: 0.9086896948192431
loss :0.5112653840577238
epoch: 5
5
train acc: 0.925828342484595
val acc: 0.9184606865696285
loss :0.4512913466541007
epoch: 6
6
train acc: 0.9357291783437979
val acc: 0.9273106875626937
loss :0.3994646697065195
epoch: 7
7
train acc: 0.9435735871307714
val acc: 0.9382541389568992
loss :0.34935174134100366
epoch: 8
8
train acc: 0.9537282303040725
val acc: 0.9492661354334458
loss :0.3017265952830752
epoch: 9
9
train acc: 0.9605672895648073
val acc: 0.9558683294316996
loss :0.25477062042103066
epoch: 10
10
train acc: 0.9678586704501939
val acc: 0.9653592301451641
loss :0.21169359298772686
epoch: 11
11
train acc: 0.9746468993123442
val acc: 0.9728666098221489
loss :0.17369917490596853
epoch: 12
12
train acc: 0.9801313996835567
val acc: 0.9787248108697975
loss :0.13976772591536743
epoch: 13
13
train acc: 0.984739514938088
val acc: 0.983780911176101
loss :0.11006900004424383
epoch: 14
14
train acc: 0.9886329013968139
val acc: 0.9880661671576293
loss :0.08513982014885116
epoch: 1
test_accuracy: 0.9891534378538712
log_dir: ../../Results/experiments/2021-09-21_lstm_deu_15e_256b_em100_hd100_v5000_run3/tensorboard-log
epoch: 0
0
train acc: 0.8704613289520283
val acc: 0.8974768822607787
loss :2.0293805651269103
epoch: 1
1
train acc: 0.9151524259794227
val acc: 0.8974753955136174
loss :0.8862574548179927
epoch: 2
2
train acc: 0.915995347447791
val acc: 0.907293461975844
loss :0.6301232883503344
epoch: 3
3
train acc: 0.9242964174159229
val acc: 0.9086885042812514
loss :0.5353250961636872
epoch: 4
4
train acc: 0.9252536494008319
val acc: 0.9152987394643867
loss :0.4633577505053391
epoch: 5
5
train acc: 0.9315592429263102
val acc: 0.9192231644754825
loss :0.4174830674083993
epoch: 6
6
train acc: 0.9354272893422556
val acc: 0.9259957901809527
loss :0.3782662137627081
epoch: 7
7
train acc: 0.9450936761225155
val acc: 0.9423361871553504
loss :0.33259186057544693
epoch: 8
8
train acc: 0.9575088432131896
val acc: 0.9536363158536993
loss :0.28117530522908707
epoch: 9
9
train acc: 0.9651078188133031
val acc: 0.9618010049280913
loss :0.23209662624842214
epoch: 10
10
train acc: 0.9724044689184713
val acc: 0.9706012246401413
loss :0.1887822713393832
epoch: 11
11
train acc: 0.9784971017504364
val acc: 0.9771044982516247
loss :0.15178710404441867
epoch: 12
12
train acc: 0.9833705358239762
val acc: 0.9819329575352047
loss :0.1209429861676745
epoch: 13
13
train acc: 0.9869639300232892
val acc: 0.9860740101855734
loss :0.09557919731306717
epoch: 14
14
train acc: 0.9902275767518964
val acc: 0.9897597626499508
loss :0.07448926034452613
epoch: 1
test_accuracy: 0.9904889011652838
log_dir: ../../Results/experiments/2021-09-21_lstm_deu_15e_256b_em100_hd100_v5000_run4/tensorboard-log
epoch: 0
0
train acc: 0.8517894284880493
val acc: 0.8974777768487515
loss :2.1033767633563047
epoch: 1
1
train acc: 0.915143648805056
val acc: 0.8974768835565318
loss :0.9229799628778316
epoch: 2
2
train acc: 0.9151464972043142
val acc: 0.8974771846895633
loss :0.6786338439674877
epoch: 3
3
train acc: 0.915446988880374
val acc: 0.9014159088549407
loss :0.5548199982622305
epoch: 4
4
train acc: 0.9219037064688695
val acc: 0.9083452551261239
loss :0.4893808156642331
epoch: 5
5
train acc: 0.9251198996362728
val acc: 0.9098964359449304
loss :0.446800465146527
epoch: 6
6
train acc: 0.92782517525827
val acc: 0.9184291028458139
loss :0.4125760340794726
epoch: 7
7
train acc: 0.9370630139476868
val acc: 0.9313039367613585
loss :0.3722169034866266
epoch: 8
8
train acc: 0.9494673123656402
val acc: 0.9474879111932671
loss :0.31935282877959537
epoch: 9
9
train acc: 0.9619998592216376
val acc: 0.9596971125706383
loss :0.2588560445860484
epoch: 10
10
train acc: 0.9701162462801912
val acc: 0.9688164521818575
loss :0.2060357805943385
epoch: 11
11
train acc: 0.9778385352359589
val acc: 0.9763917803764344
loss :0.1627632207745548
epoch: 12
12
train acc: 0.9829868109465687
val acc: 0.981835817254108
loss :0.12740606616157632
epoch: 13
13
train acc: 0.986980609758452
val acc: 0.9862876443759255
loss :0.09817763082845762
epoch: 14
14
train acc: 0.9903316136010349
val acc: 0.9897377156693002
loss :0.07458333677600044
epoch: 1
test_accuracy: 0.9903274062162073
log_dir: ../../Results/experiments/2021-09-21_lstm_spa_15e_256b_em100_hd100_v5000_run0/tensorboard-log
epoch: 0
0
train acc: 0.7645393041022842
val acc: 0.8630485280471689
loss :4.498705610795454
epoch: 1
1
train acc: 0.8752939727089621
val acc: 0.8629410135395387
loss :1.5641051136363637
epoch: 2
2
train acc: 0.8752966159040277
val acc: 0.8629704678759855
loss :1.3965561745383523
epoch: 3
3
train acc: 0.8753000151027333
val acc: 0.8629866619320476
loss :1.318284024325284
epoch: 4
4
train acc: 0.8752960023013028
val acc: 0.8630927222616532
loss :1.2646068226207385
epoch: 5
5
train acc: 0.8752980821782892
val acc: 0.8629660553791944
loss :1.2168049760298296
epoch: 6
6
train acc: 0.8752968989719044
val acc: 0.8629262727849624
loss :1.1684141956676137
epoch: 7
7
train acc: 0.8753002017194574
val acc: 0.8629513251430848
loss :1.103926669034091
epoch: 8
8
train acc: 0.8753006300059232
val acc: 0.8630279171116212
loss :0.9755951482599432
epoch: 9
9
train acc: 0.8752970426732843
val acc: 0.862915971699883
loss :0.8404673073508523
epoch: 10
10
train acc: 0.8747771822322499
val acc: 0.8629071282989839
loss :0.774215254350142
epoch: 11
11
train acc: 0.8809541296958924
val acc: 0.8745787459261277
loss :0.7292499334161932
epoch: 12
12
train acc: 0.8865589783408425
val acc: 0.8797487835673725
loss :0.690908203125
epoch: 13
13
train acc: 0.8956338899785822
val acc: 0.8866863566286424
loss :0.6593338290127841
epoch: 14
14
train acc: 0.8975915676897223
val acc: 0.8881077459629845
loss :0.6331435879794034
epoch: 1
test_accuracy: 0.9411264819280543
log_dir: ../../Results/experiments/2021-09-21_lstm_spa_15e_256b_em100_hd100_v5000_run1/tensorboard-log
epoch: 0
0
train acc: 0.7400076742960268
val acc: 0.8628717801150154
loss :4.708332297585227
epoch: 1
1
train acc: 0.8752891146052968
val acc: 0.8629483659477795
loss :1.554818448153409
epoch: 2
2
train acc: 0.8752983160452409
val acc: 0.8630779937786215
loss :1.3864487526633522
epoch: 3
3
train acc: 0.8752975591746244
val acc: 0.8629675209522247
loss :1.3121970436789774
epoch: 4
4
train acc: 0.8752965233542702
val acc: 0.8628570454962113
loss :1.2632744806463068
epoch: 5
5
train acc: 0.8752976551922885
val acc: 0.862979299881879
loss :1.224666082208807
epoch: 6
6
train acc: 0.8752964275533502
val acc: 0.8628747270387762
loss :1.1915037952769887
epoch: 7
7
train acc: 0.8752975140918385
val acc: 0.8630396969178143
loss :1.1571277965198863
epoch: 8
8
train acc: 0.8752971360900186
val acc: 0.862882088212406
loss :1.0979805131392046
epoch: 9
9
train acc: 0.8752968523719094
val acc: 0.8628997680018929
loss :1.0095069469105113
epoch: 10
10
train acc: 0.8752972286397761
val acc: 0.8629616262281642
loss :0.8811720969460227
epoch: 11
11
train acc: 0.8752631564573808
val acc: 0.8627789905842613
loss :0.7916248668323863
epoch: 12
12
train acc: 0.876278620633212
val acc: 0.8663553008261848
loss :0.7392069868607954
epoch: 13
13
train acc: 0.8855413005568764
val acc: 0.8815207314841887
loss :0.7012686434659091
epoch: 14
14
train acc: 0.8951468788493764
val acc: 0.8865302170024199
loss :0.6700481068004261
epoch: 1
test_accuracy: 0.9395717598817529
log_dir: ../../Results/experiments/2021-09-21_lstm_spa_15e_256b_em100_hd100_v5000_run2/tensorboard-log
epoch: 0
0
train acc: 0.7283734919509152
val acc: 0.8629925566561082
loss :4.654190340909091
epoch: 1
1
train acc: 0.8752979378266768
val acc: 0.8629689909079495
loss :1.5678361372514205
epoch: 2
2
train acc: 0.8752971341393211
val acc: 0.8629689891548717
loss :1.3864717240767046
epoch: 3
3
train acc: 0.875297513441606
val acc: 0.8630146498189253
loss :1.310589599609375
epoch: 4
4
train acc: 0.8752966165542603
val acc: 0.8628275894066867
loss :1.2597711736505681
epoch: 5
5
train acc: 0.8752978426759893
val acc: 0.8628909228479161
loss :1.2192603648792613
epoch: 6
6
train acc: 0.8752965235710144
val acc: 0.8629527880864984
loss :1.184331942471591
epoch: 7
7
train acc: 0.8752944005619396
val acc: 0.8630102364455953
loss :1.1381011408025568
epoch: 8
8
train acc: 0.8752977496927434
val acc: 0.8628894607810413
loss :1.067744140625
epoch: 9
9
train acc: 0.875296427119862
val acc: 0.8629351100500893
loss :1.0099098899147727
epoch: 10
10
train acc: 0.8752991195158525
val acc: 0.8627966607318205
loss :0.9546615323153409
epoch: 11
11
train acc: 0.8752979382601651
val acc: 0.8630013974273906
loss :0.8990264892578125
epoch: 12
12
train acc: 0.8752999676357616
val acc: 0.8628850316300112
loss :0.8533439497514205
epoch: 13
13
train acc: 0.8752940700270913
val acc: 0.8630338021937538
loss :0.8159645774147727
epoch: 14
14
train acc: 0.8752994975176724
val acc: 0.862998448750552
loss :0.7828014581853693
epoch: 1
test_accuracy: 0.9234120910710627
log_dir: ../../Results/experiments/2021-09-21_lstm_spa_15e_256b_em100_hd100_v5000_run3/tensorboard-log
epoch: 0
0
train acc: 0.7268744166306517
val acc: 0.8629071265459061
loss :4.5624285333806816
epoch: 1
1
train acc: 0.875295910618522
val acc: 0.8629896114854252
loss :1.565088223544034
epoch: 2
2
train acc: 0.8753002494031733
val acc: 0.8629012414637733
loss :1.3981766024502842
epoch: 3
3
train acc: 0.8753014310923489
val acc: 0.8629763582173515
loss :1.3222314453125
epoch: 4
4
train acc: 0.8752943051945079
val acc: 0.8629896079792696
loss :1.2737947221235795
epoch: 5
5
train acc: 0.8752962372519754
val acc: 0.8629410100333831
loss :1.2364454234730113
epoch: 6
6
train acc: 0.8752989289977334
val acc: 0.8628629410968107
loss :1.2030726207386364
epoch: 7
7
train acc: 0.875295342315327
val acc: 0.8629380552207723
loss :1.1315280983664773
epoch: 8
8
train acc: 0.8752981727773493
val acc: 0.8628997627426597
loss :0.94083984375
epoch: 9
9
train acc: 0.8752973706072027
val acc: 0.8630146629670087
loss :0.829873213334517
epoch: 10
10
train acc: 0.8745599159327421
val acc: 0.8616330334368874
loss :0.7729922207919034
epoch: 11
11
train acc: 0.8758590904149142
val acc: 0.8668826055877349
loss :0.7308278586647727
epoch: 12
12
train acc: 0.8831563058766452
val acc: 0.8792479862185085
loss :0.6953641024502841
epoch: 13
13
train acc: 0.8943894100189209
val acc: 0.8860058468930861
loss :0.665662841796875
epoch: 14
14
train acc: 0.896527737270702
val acc: 0.8865640961072024
loss :0.6404397305575285
epoch: 1
test_accuracy: 0.9395086584311507
log_dir: ../../Results/experiments/2021-09-21_lstm_spa_15e_256b_em100_hd100_v5000_run4/tensorboard-log
epoch: 0
0
train acc: 0.661755548684953
val acc: 0.8373353314750335
loss :4.785218394886364
epoch: 1
1
train acc: 0.871403771313754
val acc: 0.8629940318710664
loss :1.5773093483664773
epoch: 2
2
train acc: 0.8752922281351957
val acc: 0.8630809371962267
loss :1.3957614968039773
epoch: 3
3
train acc: 0.8752968534556302
val acc: 0.8629793007584179
loss :1.3188889382102273
epoch: 4
4
train acc: 0.8752899625084617
val acc: 0.8630028735188877
loss :1.2704050514914773
epoch: 5
5
train acc: 0.8752983164787292
val acc: 0.8630396907820421
loss :1.2334490411931818
epoch: 6
6
train acc: 0.875298127044331
val acc: 0.8630559006158043
loss :1.1998829234730113
epoch: 7
7
train acc: 0.8752952967990528
val acc: 0.8628997636191985
loss :1.1262735262784092
epoch: 8
8
train acc: 0.875297421542081
val acc: 0.8628364249187357
loss :0.932731045809659
epoch: 9
9
train acc: 0.875298407944766
val acc: 0.8627539434853722
loss :0.832734375
epoch: 10
10
train acc: 0.8742761072245511
val acc: 0.8616021012558657
loss :0.777630615234375
epoch: 11
11
train acc: 0.8751211155544628
val acc: 0.8654833129223656
loss :0.7381540194424716
epoch: 12
12
train acc: 0.8821270699934526
val acc: 0.8732059589203667
loss :0.7068071400035512
epoch: 13
13
train acc: 0.8854623959281228
val acc: 0.8746052664868972
loss :0.6811855246803977
epoch: 14
14
train acc: 0.8862397761778398
val acc: 0.8768117296345094
loss :0.6581993519176136
epoch: 1
test_accuracy: 0.9373733503590322
log_dir: ../../Results/experiments/2021-09-21_lstm_zho_15e_256b_em100_hd100_v5000_run0/tensorboard-log
epoch: 0
0
train acc: 0.8127037181471803
val acc: 0.8400957025330642
loss :3.0119569975754312
epoch: 1
1
train acc: 0.8659158234966212
val acc: 0.8401168194310419
loss :1.4337424442685884
epoch: 2
2
train acc: 0.865916789811233
val acc: 0.8400804083922814
loss :1.2877044677734375
epoch: 3
3
train acc: 0.8659096231748318
val acc: 0.8398452290173235
loss :1.0173382989291486
epoch: 4
4
train acc: 0.8767422648339436
val acc: 0.8569985101962911
loss :0.856085099845097
epoch: 5
5
train acc: 0.8801072395053403
val acc: 0.8569773982311117
loss :0.7680364148370151
epoch: 6
6
train acc: 0.8852773079584385
val acc: 0.8659162640571594
loss :0.7002722904599946
epoch: 7
7
train acc: 0.8905993487300544
val acc: 0.8717905657044772
loss :0.6540414218244881
epoch: 8
8
train acc: 0.8968062155205628
val acc: 0.8820028765448209
loss :0.6114415662042025
epoch: 9
9
train acc: 0.9073126312987557
val acc: 0.8958833562916723
loss :0.5659602724272629
epoch: 10
10
train acc: 0.9168026482236796
val acc: 0.9069919590292306
loss :0.5154735170561692
epoch: 11
11
train acc: 0.9263479865830521
val acc: 0.9171831599597273
loss :0.4611479660560345
epoch: 12
12
train acc: 0.9354767969970046
val acc: 0.9269928332032829
loss :0.4083115413271148
epoch: 13
13
train acc: 0.9444033629935363
val acc: 0.9394819041778302
loss :0.3578881888554014
epoch: 14
14
train acc: 0.9546495375962093
val acc: 0.9504689183728449
loss :0.3111383109257139
epoch: 1
test_accuracy: 0.9817570875822802
log_dir: ../../Results/experiments/2021-09-21_lstm_zho_15e_256b_em100_hd100_v5000_run1/tensorboard-log
epoch: 0
0
train acc: 0.8033922663957567
val acc: 0.840089147666405
loss :3.1104443780307114
epoch: 1
1
train acc: 0.8659282785037469
val acc: 0.8401073468142543
loss :1.4264621076912716
epoch: 2
2
train acc: 0.8659190856177231
val acc: 0.8401000655930618
loss :1.322008961644666
epoch: 3
3
train acc: 0.8659101374190429
val acc: 0.8401051628178564
loss :1.2056611159752155
epoch: 4
4
train acc: 0.865926586348435
val acc: 0.8401168173757093
loss :0.9841083395070043
epoch: 5
5
train acc: 0.8761639113056249
val acc: 0.8574047886092088
loss :0.8365640574488147
epoch: 6
6
train acc: 0.8805254087365907
val acc: 0.8578853323541838
loss :0.7531154237944504
epoch: 7
7
train acc: 0.8843707229556709
val acc: 0.8688949169783756
loss :0.6932545629040948
epoch: 8
8
train acc: 0.8909647900482703
val acc: 0.8739231672780267
loss :0.6433887350148169
epoch: 9
9
train acc: 0.8980154300558156
val acc: 0.8824266318617195
loss :0.5911085983802532
epoch: 10
10
train acc: 0.9060407713569444
val acc: 0.8955921193649029
loss :0.5369903038287985
epoch: 11
11
train acc: 0.9208107060399549
val acc: 0.9111981827637244
loss :0.48367825212149784
epoch: 12
12
train acc: 0.932359930359084
val acc: 0.9218932246339733
loss :0.4314929830616918
epoch: 13
13
train acc: 0.9391776361342135
val acc: 0.9305211934550055
loss :0.38101759285762393
epoch: 14
14
train acc: 0.9474436918209339
val acc: 0.9414317529777001
loss :0.3348536524279364
epoch: 1
test_accuracy: 0.9794607113771402
log_dir: ../../Results/experiments/2021-09-21_lstm_zho_15e_256b_em100_hd100_v5000_run2/tensorboard-log
epoch: 0
0
train acc: 0.8064841454679543
val acc: 0.8400869636700071
loss :3.0927220837823275
epoch: 1
1
train acc: 0.8659127978415325
val acc: 0.8401022524669253
loss :1.4224526240907867
epoch: 2
2
train acc: 0.8659225965368337
val acc: 0.8401066216929206
loss :1.2979087040342134
epoch: 3
3
train acc: 0.865917394079011
val acc: 0.8401160852662448
loss :1.1453350198679957
epoch: 4
4
train acc: 0.8659200542959674
val acc: 0.8400935148370677
loss :1.010753973599138
epoch: 5
5
train acc: 0.8659161830770559
val acc: 0.840086959559342
loss :0.9099550444504311
epoch: 6
6
train acc: 0.8659147311901224
val acc: 0.8401117176845156
loss :0.8527778362405711
epoch: 7
7
train acc: 0.8704978084769742
val acc: 0.8553632000396991
loss :0.8147746119005926
epoch: 8
8
train acc: 0.8811153009020048
val acc: 0.8580003717849994
loss :0.7883869565766434
epoch: 9
9
train acc: 0.8811706881070959
val acc: 0.8580608026734714
loss :0.7668231306404903
epoch: 10
10
train acc: 0.885319964022472
val acc: 0.8651670525813925
loss :0.7465578802700701
epoch: 11
11
train acc: 0.8886340016948766
val acc: 0.8660218407367838
loss :0.7249809002054148
epoch: 12
12
train acc: 0.888801118937032
val acc: 0.8684121880038032
loss :0.7016221145103718
epoch: 13
13
train acc: 0.89112242059461
val acc: 0.8711330919430174
loss :0.6734101920292295
epoch: 14
14
train acc: 0.8935991811341253
val acc: 0.8755774054034003
loss :0.6351317307044719
epoch: 1
test_accuracy: 0.954077770273973
log_dir: ../../Results/experiments/2021-09-21_lstm_zho_15e_256b_em100_hd100_v5000_run3/tensorboard-log
epoch: 0
0
train acc: 0.7954578352200393
val acc: 0.840094242013734
loss :3.0507433661099137
epoch: 1
1
train acc: 0.8659182410815667
val acc: 0.84010370065426
loss :1.4385173929148707
epoch: 2
2
train acc: 0.8659250127858129
val acc: 0.8401415726234173
loss :1.3296487742456897
epoch: 3
3
train acc: 0.8659156995600668
val acc: 0.8400629339546993
loss :1.0673920730064654
epoch: 4
4
train acc: 0.8674529893644924
val acc: 0.8542324629323236
loss :0.8775155955347521
epoch: 5
5
train acc: 0.8795884346139842
val acc: 0.8569424456563489
loss :0.7985939815126616
epoch: 6
6
train acc: 0.886134939974752
val acc: 0.8657451621417341
loss :0.7387847374225485
epoch: 7
7
train acc: 0.8886654977140755
val acc: 0.8679207209883065
loss :0.6913783106310615
epoch: 8
8
train acc: 0.890647546381786
val acc: 0.872052683501408
loss :0.6509941364156788
epoch: 9
9
train acc: 0.8941415315044338
val acc: 0.8809187408151298
loss :0.6100123964507004
epoch: 10
10
train acc: 0.9051466505075323
val acc: 0.8930386748807183
loss :0.5600375997609106
epoch: 11
11
train acc: 0.9183092436913787
val acc: 0.9077870447060158
loss :0.5054840087890625
epoch: 12
12
train acc: 0.9295225747700395
val acc: 0.9200191078514889
loss :0.44900102286503235
epoch: 13
13
train acc: 0.9403141452320691
val acc: 0.9320341866591881
loss :0.39286769998484644
epoch: 14
14
train acc: 0.9495840316188746
val acc: 0.9449972571997807
loss :0.3398089441759833
epoch: 1
test_accuracy: 0.9798266783298686
log_dir: ../../Results/experiments/2021-09-21_lstm_zho_15e_256b_em100_hd100_v5000_run4/tensorboard-log
epoch: 0
0
train acc: 0.7629203512682078
val acc: 0.8401211829021059
loss :3.152954732960668
epoch: 1
1
train acc: 0.8659178780070667
val acc: 0.840107352980252
loss :1.4353136786099139
epoch: 2
2
train acc: 0.8659103768652883
val acc: 0.8401044352301236
loss :1.335253695783944
epoch: 3
3
train acc: 0.8659202962086119
val acc: 0.8401080748130535
loss :1.283074425006735
epoch: 4
4
train acc: 0.8659157019236993
val acc: 0.840117542497043
loss :1.2030958504512392
epoch: 5
5
train acc: 0.865836927603031
val acc: 0.842641858396859
loss :0.8949897503030712
epoch: 6
6
train acc: 0.876982457267827
val acc: 0.8560818322773638
loss :0.7921550356108567
epoch: 7
7
train acc: 0.8800911717373749
val acc: 0.8591711582808659
loss :0.7441397831357759
epoch: 8
8
train acc: 0.881905818191068
val acc: 0.8590721401674994
loss :0.6995906961375269
epoch: 9
9
train acc: 0.8834993381952417
val acc: 0.8689677246685685
loss :0.6575787774447737
epoch: 10
10
train acc: 0.8921913135668327
val acc: 0.8739726785955758
loss :0.6200062718884698
epoch: 11
11
train acc: 0.8977234147745987
val acc: 0.8823647474420482
loss :0.5813429733802532
epoch: 12
12
train acc: 0.9074070008664296
val acc: 0.8915671874736918
loss :0.5374078684839709
epoch: 13
13
train acc: 0.9210274409631203
val acc: 0.9044501658143669
loss :0.4853669265220905
epoch: 14
14
train acc: 0.9351658151067537
val acc: 0.9179090738296509
loss :0.4266202729323815
epoch: 1
test_accuracy: 0.962784749292678
log_dir: ../../Results/experiments/2021-09-21_lstm_zho_20e_256b_em100_hd100_v5000_run0/tensorboard-log
epoch: 0
0
train acc: 0.8127037181471803
val acc: 0.8400957025330642
loss :3.011957418507543
epoch: 1
1
train acc: 0.8659158234966212
val acc: 0.8401168194310419
loss :1.4337424442685884
epoch: 2
2
train acc: 0.865916789811233
val acc: 0.8400804083922814
loss :1.2877045730064656
epoch: 3
3
train acc: 0.8659096231748318
val acc: 0.8398452290173235
loss :1.0173382989291486
epoch: 4
4
train acc: 0.8767407342277724
val acc: 0.8569999661938897
loss :0.8561048836543642
epoch: 5
5
train acc: 0.8801075456471279
val acc: 0.8569730290051164
loss :0.7680464119746767
epoch: 6
6
train acc: 0.8852792976231411
val acc: 0.865900246439309
loss :0.7002659764783136
epoch: 7
7
train acc: 0.8906056252019159
val acc: 0.871778917312622
loss :0.6540452628300107
epoch: 8
8
train acc: 0.8968013171491952
val acc: 0.8820006913152234
loss :0.6114557200464709
epoch: 9
9
train acc: 0.9073100293504781
val acc: 0.8958651513888918
loss :0.5659800036200162
epoch: 10
10
train acc: 0.9167975970383349
val acc: 0.9069824946337732
loss :0.5154924590012123
epoch: 11
11
train acc: 0.9263383435791936
val acc: 0.9171831611929269
loss :0.4611702754579741
epoch: 12
12
train acc: 0.9354696027163801
val acc: 0.9270226864979185
loss :0.4083292730923357
epoch: 13
13
train acc: 0.9444044325886102
val acc: 0.9395328698487118
loss :0.3578955288591056
epoch: 14
14
train acc: 0.9546394352255196
val acc: 0.9504601790987212
loss :0.31113633780643857
epoch: 15
15
train acc: 0.9621310665689665
val acc: 0.9575387502538747
loss :0.26849162660796067
epoch: 16
16
train acc: 0.9678620675514484
val acc: 0.9644906327642243
loss :0.23019998484644397
epoch: 17
17
train acc: 0.9736815494710002
val acc: 0.9711476391759412
loss :0.19598324216645338
epoch: 18
18
train acc: 0.9783957773241504
val acc: 0.9761693424191968
loss :0.16568185214338632
epoch: 19
19
train acc: 0.9822760481258919
val acc: 0.9803770172184911
loss :0.13927408415695716
epoch: 1
test_accuracy: 0.9911389311463916
log_dir: ../../Results/experiments/2021-09-21_lstm_zho_20e_256b_em100_hd100_v5000_run1/tensorboard-log
epoch: 0
0
train acc: 0.8033922663957567
val acc: 0.840089147666405
loss :3.110443957098599
epoch: 1
1
train acc: 0.8659282785037469
val acc: 0.8401073468142543
loss :1.4264621076912716
epoch: 2
2
train acc: 0.8659190856177231
val acc: 0.8401000655930618
loss :1.322008961644666
epoch: 3
3
train acc: 0.8659101374190429
val acc: 0.8401051628178564
loss :1.2056611159752155
epoch: 4
4
train acc: 0.865926586348435
val acc: 0.8401168173757093
loss :0.9841083395070043
epoch: 5
5
train acc: 0.8761639113056249
val acc: 0.8574047886092088
loss :0.8365641626818426
epoch: 6
6
train acc: 0.8805254087365907
val acc: 0.8578853323541838
loss :0.7531154764109644
epoch: 7
7
train acc: 0.8843707229556709
val acc: 0.8688949169783756
loss :0.6932545629040948
epoch: 8
8
train acc: 0.8909647900482703
val acc: 0.8739231672780267
loss :0.6433886297817888
epoch: 9
9
train acc: 0.8980154300558156
val acc: 0.8824266318617195
loss :0.5911085983802532
epoch: 10
10
train acc: 0.9060407713569444
val acc: 0.8955921193649029
loss :0.5369903038287985
epoch: 11
11
train acc: 0.9208107060399549
val acc: 0.9111981827637244
loss :0.48367825212149784
epoch: 12
12
train acc: 0.932359930359084
val acc: 0.9218932246339733
loss :0.4314929304451778
epoch: 13
13
train acc: 0.9391776361342135
val acc: 0.9305211934550055
loss :0.38101761916588095
epoch: 14
14
train acc: 0.9474436918209339
val acc: 0.9414317529777001
loss :0.3348536261196794
epoch: 15
15
train acc: 0.9556807461483725
val acc: 0.9504929460328201
loss :0.293420278614965
epoch: 16
16
train acc: 0.9621275018001425
val acc: 0.9571419333589488
loss :0.2561834927262931
epoch: 17
17
train acc: 0.9674828969199082
val acc: 0.9636132721243234
loss :0.22276382446289061
epoch: 18
18
train acc: 0.9727930567387877
val acc: 0.9691067781941644
loss :0.1927979173331425
epoch: 19
19
train acc: 0.97742113080518
val acc: 0.9739260624194968
loss :0.16591815290779904
epoch: 1
test_accuracy: 0.9895788792970116
log_dir: ../../Results/experiments/2021-09-21_lstm_zho_20e_256b_em100_hd100_v5000_run2/tensorboard-log
epoch: 0
0
train acc: 0.8064841454679543
val acc: 0.8400869636700071
loss :3.0927220837823275
epoch: 1
1
train acc: 0.8659127978415325
val acc: 0.8401022524669253
loss :1.4224526240907867
epoch: 2
2
train acc: 0.8659225965368337
val acc: 0.8401066216929206
loss :1.2979088092672413
epoch: 3
3
train acc: 0.865917394079011
val acc: 0.8401160852662448
loss :1.1453350198679957
epoch: 4
4
train acc: 0.8659200542959674
val acc: 0.8400935148370677
loss :1.010753973599138
epoch: 5
5
train acc: 0.8659161830770559
val acc: 0.840086959559342
loss :0.909955149683459
epoch: 6
6
train acc: 0.8659147311901224
val acc: 0.8401117176845156
loss :0.8527777836240571
epoch: 7
7
train acc: 0.8704978084769742
val acc: 0.8553632000396991
loss :0.8147744540510506
epoch: 8
8
train acc: 0.8811153009020048
val acc: 0.8580003717849994
loss :0.7883869565766434
epoch: 9
9
train acc: 0.8811706881070959
val acc: 0.8580608026734714
loss :0.7668231832570043
epoch: 10
10
train acc: 0.885319964022472
val acc: 0.8651670525813925
loss :0.7465578802700701
epoch: 11
11
train acc: 0.8886340016948766
val acc: 0.8660218407367838
loss :0.7249809002054148
epoch: 12
12
train acc: 0.888801118937032
val acc: 0.8684121880038032
loss :0.7016221145103718
epoch: 13
13
train acc: 0.89112242059461
val acc: 0.8711330919430174
loss :0.6734101920292295
epoch: 14
14
train acc: 0.8935991811341253
val acc: 0.8755774054034003
loss :0.635131783320986
epoch: 15
15
train acc: 0.8979266024869064
val acc: 0.8814436994749925
loss :0.5886269404970367
epoch: 16
16
train acc: 0.9065879669682733
val acc: 0.8947220399461944
loss :0.5417746182145744
epoch: 17
17
train acc: 0.9161432036038103
val acc: 0.9045797668654343
loss :0.49448773614291486
epoch: 18
18
train acc: 0.9274925073672985
val acc: 0.9197912088755904
loss :0.4476390443999192
epoch: 19
19
train acc: 0.9395029666094944
val acc: 0.9330760894150569
loss :0.40265218800511854
epoch: 1
test_accuracy: 0.9749480005832034
log_dir: ../../Results/experiments/2021-09-21_lstm_zho_20e_256b_em100_hd100_v5000_run3/tensorboard-log
epoch: 0
0
train acc: 0.7954578352200393
val acc: 0.840094242013734
loss :3.05074357657597
epoch: 1
1
train acc: 0.8659182410815667
val acc: 0.84010370065426
loss :1.4385173929148707
epoch: 2
2
train acc: 0.8659250127858129
val acc: 0.8401415726234173
loss :1.3296486690126617
epoch: 3
3
train acc: 0.8659156995600668
val acc: 0.8400629339546993
loss :1.0673920730064654
epoch: 4
4
train acc: 0.8674529893644924
val acc: 0.8542324629323236
loss :0.8775156481512661
epoch: 5
5
train acc: 0.8795884346139842
val acc: 0.8569424456563489
loss :0.7985940341291756
epoch: 6
6
train acc: 0.886134939974752
val acc: 0.8657451621417341
loss :0.7387847374225485
epoch: 7
7
train acc: 0.8886654977140755
val acc: 0.8679207209883065
loss :0.6913783106310615
epoch: 8
8
train acc: 0.890647546381786
val acc: 0.872052683501408
loss :0.6509941364156788
epoch: 9
9
train acc: 0.8941415315044338
val acc: 0.8809187408151298
loss :0.6100124490672144
epoch: 10
10
train acc: 0.9051466505075323
val acc: 0.8930386748807183
loss :0.5600375997609106
epoch: 11
11
train acc: 0.9183092436913787
val acc: 0.9077870447060158
loss :0.5054839035560345
epoch: 12
12
train acc: 0.9295225747700395
val acc: 0.9200191078514889
loss :0.44900107548154633
epoch: 13
13
train acc: 0.9403141452320691
val acc: 0.9320341866591881
loss :0.3928677526013605
epoch: 14
14
train acc: 0.9495840316188746
val acc: 0.9449972571997807
loss :0.33980891786772627
epoch: 15
15
train acc: 0.9580030374485871
val acc: 0.9538822412490845
loss :0.29184772886078936
epoch: 16
16
train acc: 0.9653547707302818
val acc: 0.9617842871567298
loss :0.24884077927161907
epoch: 17
17
train acc: 0.9717647092095737
val acc: 0.9687951474354185
loss :0.21053873259445716
epoch: 18
18
train acc: 0.9769324752791174
val acc: 0.9739165988461724
loss :0.17721274803424703
epoch: 19
19
train acc: 0.9811382701684689
val acc: 0.9785655136766105
loss :0.14898681640625
epoch: 1
test_accuracy: 0.9907853751794837
log_dir: ../../Results/experiments/2021-09-21_lstm_zho_20e_256b_em100_hd100_v5000_run4/tensorboard-log
epoch: 0
0
train acc: 0.7629203512682078
val acc: 0.8401211829021059
loss :3.1529551538927802
epoch: 1
1
train acc: 0.8659178780070667
val acc: 0.840107352980252
loss :1.4353134681438577
epoch: 2
2
train acc: 0.8659103768652883
val acc: 0.8401044352301236
loss :1.3352538010169719
epoch: 3
3
train acc: 0.8659202962086119
val acc: 0.8401080748130535
loss :1.283074319773707
epoch: 4
4
train acc: 0.8659157019236993
val acc: 0.840117542497043
loss :1.2030957452182112
epoch: 5
5
train acc: 0.865836927603031
val acc: 0.842641858396859
loss :0.8949897503030712
epoch: 6
6
train acc: 0.876982457267827
val acc: 0.8560818322773638
loss :0.7921550356108567
epoch: 7
7
train acc: 0.8800911717373749
val acc: 0.8591711582808659
loss :0.7441397831357759
epoch: 8
8
train acc: 0.881905818191068
val acc: 0.8590721401674994
loss :0.699590643521013
epoch: 9
9
train acc: 0.8834993381952417
val acc: 0.8689677246685685
loss :0.6575787248282597
epoch: 10
10
train acc: 0.8921913135668327
val acc: 0.8739726785955758
loss :0.6200062718884698
epoch: 11
11
train acc: 0.8977234147745987
val acc: 0.8823647474420482
loss :0.5813429733802532
epoch: 12
12
train acc: 0.9074070008664296
val acc: 0.8915671874736918
loss :0.5374078684839709
epoch: 13
13
train acc: 0.9210274409631203
val acc: 0.9044501658143669
loss :0.4853670317551185
epoch: 14
14
train acc: 0.9351658151067537
val acc: 0.9179090738296509
loss :0.4266202729323815
epoch: 15
15
train acc: 0.9466941425512577
val acc: 0.9332115185671839
loss :0.36869046441439923
epoch: 16
16
train acc: 0.9555260719924138
val acc: 0.9493112399660307
loss :0.3158146825330011
epoch: 17
17
train acc: 0.9629102663747195
val acc: 0.9585282329855294
loss :0.26875897111563846
epoch: 18
18
train acc: 0.9693168199267881
val acc: 0.9655288988146289
loss :0.2279400003367457
epoch: 19
19
train acc: 0.9749542946445531
val acc: 0.9717628914734413
loss :0.19259417303677262
epoch: 1
test_accuracy: 0.9866334007407904
2021-09-21 14:28:57.140517: I tensorflow/stream_executor/platform/default/dso_loader.cc:49] Successfully opened dynamic library libcudart.so.11.0
usage: finetune_multiling_bert.py [-h] [--train_path TRAIN_PATH]
                                  [--val_path VAL_PATH]
                                  [--result_dir RESULT_DIR]
                                  [--experiment_name EXPERIMENT_NAME]
                                  [--lr LR] [--batch_size BATCH_SIZE]
                                  [--n_epochs N_EPOCHS] [--seed SEED]
finetune_multiling_bert.py: error: unrecognized arguments: -n_epochs 3
2021-09-21 14:29:59.096118: I tensorflow/stream_executor/platform/default/dso_loader.cc:49] Successfully opened dynamic library libcudart.so.11.0
Some weights of the model checkpoint at bert-base-multilingual-uncased were not used when initializing BertLMHeadModel: ['cls.seq_relationship.bias', 'cls.seq_relationship.weight']
- This IS expected if you are initializing BertLMHeadModel from the checkpoint of a model trained on another task or with another architecture (e.g. initializing a BertForSequenceClassification model from a BertForPreTraining model).
- This IS NOT expected if you are initializing BertLMHeadModel from the checkpoint of a model that you expect to be exactly identical (initializing a BertForSequenceClassification model from a BertForSequenceClassification model).
log_dir: ../../Results/experiments/2021-09-21_finetune_fra_e3_b6_lr5e-5_run0/tensorboard-log
0
train acc: 0.9070663137188909
val acc: 0.9074274305869849
loss :0.30493237943425033
1
train acc: 0.9071460794933606
val acc: 0.9073456769021737
loss :0.24422756028661435
2
train acc: 0.9071518733544606
val acc: 0.9073810202286128
loss :0.23558979081656745
2021-09-22 06:24:39.087540: I tensorflow/stream_executor/platform/default/dso_loader.cc:49] Successfully opened dynamic library libcudart.so.11.0
Some weights of the model checkpoint at bert-base-multilingual-uncased were not used when initializing BertLMHeadModel: ['cls.seq_relationship.bias', 'cls.seq_relationship.weight']
- This IS expected if you are initializing BertLMHeadModel from the checkpoint of a model trained on another task or with another architecture (e.g. initializing a BertForSequenceClassification model from a BertForPreTraining model).
- This IS NOT expected if you are initializing BertLMHeadModel from the checkpoint of a model that you expect to be exactly identical (initializing a BertForSequenceClassification model from a BertForSequenceClassification model).
log_dir: ../../Results/experiments/2021-09-22_finetune_spa_e3_b6_lr5e-5_run0/tensorboard-log
0
train acc: 0.8585337983989245
val acc: 0.8462566910716502
loss :0.4545628934880111
1
train acc: 0.8585272953574931
val acc: 0.8461120147662966
loss :0.3922603712963527
2
train acc: 0.8585976281522241
val acc: 0.8456538755082242
loss :0.3744009968012795
2021-09-22 07:31:40.888680: I tensorflow/stream_executor/platform/default/dso_loader.cc:49] Successfully opened dynamic library libcudart.so.11.0
Some weights of the model checkpoint at bert-base-multilingual-uncased were not used when initializing BertLMHeadModel: ['cls.seq_relationship.weight', 'cls.seq_relationship.bias']
- This IS expected if you are initializing BertLMHeadModel from the checkpoint of a model trained on another task or with another architecture (e.g. initializing a BertForSequenceClassification model from a BertForPreTraining model).
- This IS NOT expected if you are initializing BertLMHeadModel from the checkpoint of a model that you expect to be exactly identical (initializing a BertForSequenceClassification model from a BertForSequenceClassification model).
log_dir: ../../Results/experiments/2021-09-22_finetune_deu_e3_b6_lr5e-5_run0/tensorboard-log
0
train acc: 0.9010804921115108
val acc: 0.8802982677819653
loss :0.32713968222802253
1
train acc: 0.9009549063583783
val acc: 0.8802565451744061
loss :0.29022804446591866
2
train acc: 0.9009383587796929
val acc: 0.8802286601428566
loss :0.2780993746031057
2021-09-22 10:31:04.501959: I tensorflow/stream_executor/platform/default/dso_loader.cc:49] Successfully opened dynamic library libcudart.so.11.0
Some weights of the model checkpoint at bert-base-multilingual-uncased were not used when initializing BertLMHeadModel: ['cls.seq_relationship.bias', 'cls.seq_relationship.weight']
- This IS expected if you are initializing BertLMHeadModel from the checkpoint of a model trained on another task or with another architecture (e.g. initializing a BertForSequenceClassification model from a BertForPreTraining model).
- This IS NOT expected if you are initializing BertLMHeadModel from the checkpoint of a model that you expect to be exactly identical (initializing a BertForSequenceClassification model from a BertForSequenceClassification model).
log_dir: ../../Results/experiments/2021-09-22_finetune_zho_e3_b6_lr5e-5_run0/tensorboard-log
0
train acc: 0.8352196117756399
val acc: 0.8215282265508151
loss :0.45020989625766245
1
train acc: 0.8345779876508824
val acc: 0.8215221362278644
loss :0.3929190524085146
2
train acc: 0.834569331953939
val acc: 0.8215409144711079
loss :0.37352120130741984
